11:22:57,628  INFO DefaultTestContextBootstrapper:260 - Loaded default TestExecutionListener class names from location [META-INF/spring.factories]: [org.springframework.test.context.web.ServletTestExecutionListener, org.springframework.test.context.support.DirtiesContextBeforeModesTestExecutionListener, org.springframework.test.context.support.DependencyInjectionTestExecutionListener, org.springframework.test.context.support.DirtiesContextTestExecutionListener, org.springframework.test.context.transaction.TransactionalTestExecutionListener, org.springframework.test.context.jdbc.SqlScriptsTestExecutionListener]
11:22:57,701  INFO DefaultTestContextBootstrapper:187 - Using TestExecutionListeners: [org.springframework.test.context.web.ServletTestExecutionListener@553f17c, org.springframework.test.context.support.DirtiesContextBeforeModesTestExecutionListener@4f7d0008, org.springframework.test.context.support.DependencyInjectionTestExecutionListener@271053e1, org.springframework.test.context.support.DirtiesContextTestExecutionListener@589838eb, org.springframework.test.context.transaction.TransactionalTestExecutionListener@42dafa95, org.springframework.test.context.jdbc.SqlScriptsTestExecutionListener@6500df86]
11:22:57,854  INFO XmlBeanDefinitionReader:317 - Loading XML bean definitions from class path resource [applicationContext.xml]
11:22:58,319  INFO XmlBeanDefinitionReader:317 - Loading XML bean definitions from class path resource [applicationContext_shiro.xml]
11:22:58,351  INFO GenericApplicationContext:582 - Refreshing org.springframework.context.support.GenericApplicationContext@887af79: startup date [Tue Oct 29 11:22:58 CST 2019]; root of context hierarchy
11:23:00,551  INFO PostProcessorRegistrationDelegate$BeanPostProcessorChecker:325 - Bean 'org.apache.shiro.authc.credential.HashedCredentialsMatcher#17c386de' of type [class org.apache.shiro.authc.credential.HashedCredentialsMatcher] is not eligible for getting processed by all BeanPostProcessors (for example: not eligible for auto-proxying)
11:23:00,616  INFO PostProcessorRegistrationDelegate$BeanPostProcessorChecker:325 - Bean 'myRealm' of type [class com.sy.realm.MyRealm] is not eligible for getting processed by all BeanPostProcessors (for example: not eligible for auto-proxying)
11:23:00,618  INFO PostProcessorRegistrationDelegate$BeanPostProcessorChecker:325 - Bean 'securityManager' of type [class org.apache.shiro.web.mgt.DefaultWebSecurityManager] is not eligible for getting processed by all BeanPostProcessors (for example: not eligible for auto-proxying)
11:23:00,870  INFO DruidDataSource:947 - {dataSource-1} inited
11:23:01,723  INFO GenericApplicationContext:987 - Closing org.springframework.context.support.GenericApplicationContext@887af79: startup date [Tue Oct 29 11:22:58 CST 2019]; root of context hierarchy
11:23:01,728  INFO DruidDataSource:1863 - {dataSource-1} closed
11:33:49,125  INFO DefaultTestContextBootstrapper:260 - Loaded default TestExecutionListener class names from location [META-INF/spring.factories]: [org.springframework.test.context.web.ServletTestExecutionListener, org.springframework.test.context.support.DirtiesContextBeforeModesTestExecutionListener, org.springframework.test.context.support.DependencyInjectionTestExecutionListener, org.springframework.test.context.support.DirtiesContextTestExecutionListener, org.springframework.test.context.transaction.TransactionalTestExecutionListener, org.springframework.test.context.jdbc.SqlScriptsTestExecutionListener]
11:33:49,149  INFO DefaultTestContextBootstrapper:187 - Using TestExecutionListeners: [org.springframework.test.context.web.ServletTestExecutionListener@553f17c, org.springframework.test.context.support.DirtiesContextBeforeModesTestExecutionListener@4f7d0008, org.springframework.test.context.support.DependencyInjectionTestExecutionListener@271053e1, org.springframework.test.context.support.DirtiesContextTestExecutionListener@589838eb, org.springframework.test.context.transaction.TransactionalTestExecutionListener@42dafa95, org.springframework.test.context.jdbc.SqlScriptsTestExecutionListener@6500df86]
11:33:49,226  INFO XmlBeanDefinitionReader:317 - Loading XML bean definitions from class path resource [applicationContext.xml]
11:33:49,486  INFO XmlBeanDefinitionReader:317 - Loading XML bean definitions from class path resource [applicationContext_shiro.xml]
11:33:49,512  INFO GenericApplicationContext:582 - Refreshing org.springframework.context.support.GenericApplicationContext@887af79: startup date [Tue Oct 29 11:33:49 CST 2019]; root of context hierarchy
11:33:51,978  INFO DruidDataSource:947 - {dataSource-1} inited
11:33:51,979  INFO PostProcessorRegistrationDelegate$BeanPostProcessorChecker:325 - Bean 'druid' of type [class com.alibaba.druid.pool.DruidDataSource] is not eligible for getting processed by all BeanPostProcessors (for example: not eligible for auto-proxying)
11:33:52,044  INFO PostProcessorRegistrationDelegate$BeanPostProcessorChecker:325 - Bean 'com.github.pagehelper.PageInterceptor#5e955596' of type [class com.github.pagehelper.PageInterceptor] is not eligible for getting processed by all BeanPostProcessors (for example: not eligible for auto-proxying)
11:33:52,201  INFO PostProcessorRegistrationDelegate$BeanPostProcessorChecker:325 - Bean 'sqlSessionFactory' of type [class org.mybatis.spring.SqlSessionFactoryBean] is not eligible for getting processed by all BeanPostProcessors (for example: not eligible for auto-proxying)
11:33:52,202  INFO PostProcessorRegistrationDelegate$BeanPostProcessorChecker:325 - Bean 'sqlSessionFactory' of type [class org.apache.ibatis.session.defaults.DefaultSqlSessionFactory] is not eligible for getting processed by all BeanPostProcessors (for example: not eligible for auto-proxying)
11:33:52,290  INFO PostProcessorRegistrationDelegate$BeanPostProcessorChecker:325 - Bean 'userDao' of type [class org.mybatis.spring.mapper.MapperFactoryBean] is not eligible for getting processed by all BeanPostProcessors (for example: not eligible for auto-proxying)
11:33:52,291  INFO PostProcessorRegistrationDelegate$BeanPostProcessorChecker:325 - Bean 'userDao' of type [class com.sun.proxy.$Proxy22] is not eligible for getting processed by all BeanPostProcessors (for example: not eligible for auto-proxying)
11:33:52,293  INFO PostProcessorRegistrationDelegate$BeanPostProcessorChecker:325 - Bean 'userServiceImpl' of type [class com.sy.service.UserServiceImpl] is not eligible for getting processed by all BeanPostProcessors (for example: not eligible for auto-proxying)
11:33:52,301  INFO PostProcessorRegistrationDelegate$BeanPostProcessorChecker:325 - Bean 'org.apache.shiro.authc.credential.HashedCredentialsMatcher#5af97850' of type [class org.apache.shiro.authc.credential.HashedCredentialsMatcher] is not eligible for getting processed by all BeanPostProcessors (for example: not eligible for auto-proxying)
11:33:52,302  INFO PostProcessorRegistrationDelegate$BeanPostProcessorChecker:325 - Bean 'myRealm' of type [class com.sy.realm.MyRealm] is not eligible for getting processed by all BeanPostProcessors (for example: not eligible for auto-proxying)
11:33:52,303  INFO PostProcessorRegistrationDelegate$BeanPostProcessorChecker:325 - Bean 'securityManager' of type [class org.apache.shiro.web.mgt.DefaultWebSecurityManager] is not eligible for getting processed by all BeanPostProcessors (for example: not eligible for auto-proxying)
11:33:52,676  INFO GenericApplicationContext:987 - Closing org.springframework.context.support.GenericApplicationContext@887af79: startup date [Tue Oct 29 11:33:49 CST 2019]; root of context hierarchy
11:33:52,679  INFO DruidDataSource:1863 - {dataSource-1} closed
